19:56:25 INFO  : Launching XSDB server: xsdb.bat -interactive C:\Users\senel\micro_blaze.xpr\proje_2016\sdk1\temp_xsdb_launch_script.tcl
19:56:28 INFO  : XSDB server has started successfully.
19:56:30 INFO  : Processing command line option -hwspec C:/Users/senel/micro_blaze.xpr/proje_2016/sdk1/mblaze_wrapper.hdf.
20:05:19 INFO  : Launching XSDB server: xsdb.bat -interactive C:\Users\senel\micro_blaze.xpr\proje_2016\sdk1\temp_xsdb_launch_script.tcl
20:05:21 INFO  : XSDB server has started successfully.
20:05:21 INFO  : Processing command line option -hwspec C:/Users/senel/micro_blaze.xpr/proje_2016/sdk1/mblaze_wrapper.hdf.
20:05:21 INFO  : Checking for hwspec changes in the project mblaze_wrapper_hw_platform_0.
22:02:06 INFO  : Launching XSDB server: xsdb.bat -interactive C:\Users\senel\micro_blaze.xpr\proje_2016\sdk1\temp_xsdb_launch_script.tcl
22:02:09 INFO  : XSDB server has started successfully.
22:02:10 INFO  : Processing command line option -hwspec C:/Users/senel/micro_blaze.xpr/proje_2016/sdk1/mblaze_wrapper.hdf.
22:02:10 INFO  : Checking for hwspec changes in the project mblaze_wrapper_hw_platform_0.
00:58:02 INFO  : Launching XSDB server: xsdb.bat -interactive C:\Users\senel\micro_blaze.xpr\proje_2016\sdk1\temp_xsdb_launch_script.tcl
00:58:04 INFO  : XSDB server has started successfully.
00:58:06 INFO  : Processing command line option -hwspec C:/Users/senel/micro_blaze.xpr/proje_2016/sdk1/mblaze_wrapper.hdf.
00:58:06 INFO  : Checking for hwspec changes in the project mblaze_wrapper_hw_platform_0.
01:14:26 INFO  : Connected to target on host '127.0.0.1' and port '3121'.
09:15:44 INFO  : Launching XSDB server: xsdb.bat -interactive C:\Users\senel\micro_blaze.xpr\proje_2016\sdk1\temp_xsdb_launch_script.tcl
09:15:46 INFO  : XSDB server has started successfully.
09:15:46 INFO  : Processing command line option -hwspec C:/Users/senel/micro_blaze.xpr/proje_2016/sdk1/mblaze_wrapper.hdf.
09:15:46 INFO  : Checking for hwspec changes in the project mblaze_wrapper_hw_platform_0.
11:18:01 INFO  : Launching XSDB server: xsdb.bat -interactive C:\Users\senel\micro_blaze.xpr\proje_2016\sdk1\temp_xsdb_launch_script.tcl
11:18:03 INFO  : XSDB server has started successfully.
11:18:03 ERROR : Unexpected error while parsing XMD response ?: com.google.gson.JsonSyntaxException: com.google.gson.stream.MalformedJsonException: invalid number or unquoted string near 
11:26:40 INFO  : Launching XSDB server: xsdb.bat -interactive C:\Users\senel\micro_blaze.xpr\proje_2016\sdk1\temp_xsdb_launch_script.tcl
11:26:42 INFO  : XSDB server has started successfully.
11:26:42 INFO  : Processing command line option -hwspec C:/Users/senel/micro_blaze.xpr/proje_2016/sdk1/mblaze_wrapper.hdf.
11:26:43 INFO  : Checking for hwspec changes in the project mblaze_wrapper_hw_platform_0.
11:36:13 ERROR : Unexpected error while launching program.
com.xilinx.sdk.targetmanager.TMException: Could not detect MDM peripheral on hardware. Please check:
    1. If FPGA is configured correctly
    2. MDM Core is instantiated in the design
    3. If the correct FPGA is referred, in case of multiple FPGAs
    4. If the correct MDM is referred, in case of a multiple MDM system
    

	at com.xilinx.sdk.targetmanager.internal.TM.connectToProcessor(TM.java:484)
	at com.xilinx.sdk.debug.core.XilinxAppLaunchConfigurationDelegate.runTargetSetup(XilinxAppLaunchConfigurationDelegate.java:451)
	at com.xilinx.sdk.debug.core.XilinxAppLaunchConfigurationDelegate.debugApplication(XilinxAppLaunchConfigurationDelegate.java:701)
	at com.xilinx.sdk.debug.core.XilinxAppLaunchConfigurationDelegate.launch(XilinxAppLaunchConfigurationDelegate.java:311)
	at com.xilinx.sdk.debug.ui.XilinxAppLaunchDelegateWrapper.launch(XilinxAppLaunchDelegateWrapper.java:31)
	at org.eclipse.debug.internal.core.LaunchConfiguration.launch(LaunchConfiguration.java:885)
	at org.eclipse.debug.internal.core.LaunchConfiguration.launch(LaunchConfiguration.java:739)
	at org.eclipse.debug.internal.ui.DebugUIPlugin.buildAndLaunch(DebugUIPlugin.java:1039)
	at org.eclipse.debug.internal.ui.DebugUIPlugin$8.run(DebugUIPlugin.java:1256)
	at org.eclipse.core.internal.jobs.Worker.run(Worker.java:55)
11:37:02 INFO  : Connected to target on host '127.0.0.1' and port '3121'.
11:37:06 INFO  : 'targets -set -filter {jtag_cable_name =~ "Digilent Nexys A7 -100T 210292AD35BAA" && level==0} -index 0' command is executed.
11:37:08 INFO  : FPGA configured successfully with bitstream "C:/Users/senel/micro_blaze.xpr/proje_2016/sdk1/mblaze_wrapper_hw_platform_0/download.bit"
11:37:56 INFO  : Connected to target on host '127.0.0.1' and port '3121'.
11:37:56 INFO  : 'targets -set -filter {jtag_cable_name =~ "Digilent Nexys A7 -100T 210292AD35BAA" && level==0} -index 0' command is executed.
11:37:58 INFO  : FPGA configured successfully with bitstream "C:/Users/senel/micro_blaze.xpr/proje_2016/sdk1/mblaze_wrapper_hw_platform_0/download.bit"
11:39:20 INFO  : Connected to target on host '127.0.0.1' and port '3121'.
11:39:21 INFO  : 'targets -set -filter {jtag_cable_name =~ "Digilent Nexys A7 -100T 210292AD35BAA" && level==0} -index 0' command is executed.
11:39:23 INFO  : FPGA configured successfully with bitstream "C:/Users/senel/micro_blaze.xpr/proje_2016/sdk1/mblaze_wrapper_hw_platform_0/download.bit"
11:39:37 INFO  : Processor reset is completed for microblaze_0
11:41:34 ERROR : Unexpected error while parsing XMD response ?: com.google.gson.JsonSyntaxException: com.google.gson.stream.MalformedJsonException: invalid number or unquoted string near 
