Copyright 1986-2016 Xilinx, Inc. All Rights Reserved.
------------------------------------------------------------------------------------
| Tool Version : Vivado v.2016.1 (win64) Build 1538259 Fri Apr  8 15:45:27 MDT 2016
| Date         : Fri Jun 03 08:57:55 2022
| Host         : Emre running 64-bit major release  (build 9200)
| Command      : report_drc -file mblaze_wrapper_drc_opted.rpt
| Design       : mblaze_wrapper
| Device       : xc7a100tcsg324-1
| Speed File   : -1
------------------------------------------------------------------------------------

Report DRC

Table of Contents
-----------------
1. REPORT SUMMARY
2. REPORT DETAILS

1. REPORT SUMMARY
-----------------
            Netlist: netlist
          Floorplan: design_1
      Design limits: <entire design considered>
           Ruledeck: default
             Max violations: <unlimited>
             Violations found: 32

2. REPORT DETAILS
-----------------
BUFC-1#1 Warning
Input Buffer Connections  
Input buffer mblaze_i/mig_7series_0/u_mblaze_mig_7series_0_1_mig/u_memc_ui_top_axi/mem_intfc0/ddr_phy_top0/u_ddr_mc_phy_wrapper/gen_dqs_iobuf_HR.gen_dqs_iobuf[0].gen_ddr2_or_low_dqs_diff.u_iobuf_dqs/IBUFDS/IBUFDS_S (in mblaze_i/mig_7series_0/u_mblaze_mig_7series_0_1_mig/u_memc_ui_top_axi/mem_intfc0/ddr_phy_top0/u_ddr_mc_phy_wrapper/gen_dqs_iobuf_HR.gen_dqs_iobuf[0].gen_ddr2_or_low_dqs_diff.u_iobuf_dqs macro) has no loads. It is recommended to have an input buffer drive an internal load.
Related violations: <none>

BUFC-1#2 Warning
Input Buffer Connections  
Input buffer mblaze_i/mig_7series_0/u_mblaze_mig_7series_0_1_mig/u_memc_ui_top_axi/mem_intfc0/ddr_phy_top0/u_ddr_mc_phy_wrapper/gen_dqs_iobuf_HR.gen_dqs_iobuf[1].gen_ddr2_or_low_dqs_diff.u_iobuf_dqs/IBUFDS/IBUFDS_S (in mblaze_i/mig_7series_0/u_mblaze_mig_7series_0_1_mig/u_memc_ui_top_axi/mem_intfc0/ddr_phy_top0/u_ddr_mc_phy_wrapper/gen_dqs_iobuf_HR.gen_dqs_iobuf[1].gen_ddr2_or_low_dqs_diff.u_iobuf_dqs macro) has no loads. It is recommended to have an input buffer drive an internal load.
Related violations: <none>

CFGBVS-1#1 Warning
Missing CFGBVS and CONFIG_VOLTAGE Design Properties  
Neither the CFGBVS nor CONFIG_VOLTAGE voltage property is set in the current_design.  Configuration bank voltage select (CFGBVS) must be set to VCCO or GND, and CONFIG_VOLTAGE must be set to the correct configuration voltage, in order to determine the I/O voltage support for the pins in bank 0.  It is suggested to specify these either using the 'Edit Device Properties' function in the GUI or directly in the XDC file using the following syntax:

 set_property CFGBVS value1 [current_design]
 #where value1 is either VCCO or GND

 set_property CONFIG_VOLTAGE value2 [current_design]
 #where value2 is the voltage provided to configuration bank 0

Refer to the device configuration user guide for more information.
Related violations: <none>

PLIDC-14#1 Warning
IDELAYCTRL REFCLK should be same as ISERDES CLK  
The BITSLICE cell IDELAYCTRL mblaze_i/mig_7series_0/u_mblaze_mig_7series_0_1_mig/u_iodelay_ctrl/u_idelayctrl_200 REFCLK pin should be driven by the same clock net as the associated ISERDES mblaze_i/mig_7series_0/u_mblaze_mig_7series_0_1_mig/u_memc_ui_top_axi/mem_intfc0/ddr_phy_top0/u_ddr_mc_phy_wrapper/u_ddr_mc_phy/ddr_phy_4lanes_0.u_ddr_phy_4lanes/ddr_byte_lane_A.ddr_byte_lane_A/ddr_byte_group_io/input_[1].iserdes_dq_.iserdesdq CLK or CLKDIV pin.
Related violations: <none>

PLIO-6#1 Warning
Placement Constraints Check for IO constraints  
Invalid constraint on register mblaze_i/axi_ethernetlite_0/U0/IOFFS_GEN2.DVD_FF. It has the property IOB=TRUE, but it is not driving or driven by any IO element.
Related violations: <none>

PLIO-6#2 Warning
Placement Constraints Check for IO constraints  
Invalid constraint on register mblaze_i/axi_ethernetlite_0/U0/IOFFS_GEN2.RER_FF. It has the property IOB=TRUE, but it is not driving or driven by any IO element.
Related violations: <none>

PLIO-6#3 Warning
Placement Constraints Check for IO constraints  
Invalid constraint on register mblaze_i/axi_ethernetlite_0/U0/IOFFS_GEN2.TEN_FF. It has the property IOB=TRUE, but it is not driving or driven by any IO element.
Related violations: <none>

PLIO-6#4 Warning
Placement Constraints Check for IO constraints  
Invalid constraint on register mblaze_i/axi_ethernetlite_0/U0/IOFFS_GEN[0].RX_FF_I. It has the property IOB=TRUE, but it is not driving or driven by any IO element.
Related violations: <none>

PLIO-6#5 Warning
Placement Constraints Check for IO constraints  
Invalid constraint on register mblaze_i/axi_ethernetlite_0/U0/IOFFS_GEN[0].TX_FF_I. It has the property IOB=TRUE, but it is not driving or driven by any IO element.
Related violations: <none>

PLIO-6#6 Warning
Placement Constraints Check for IO constraints  
Invalid constraint on register mblaze_i/axi_ethernetlite_0/U0/IOFFS_GEN[1].RX_FF_I. It has the property IOB=TRUE, but it is not driving or driven by any IO element.
Related violations: <none>

PLIO-6#7 Warning
Placement Constraints Check for IO constraints  
Invalid constraint on register mblaze_i/axi_ethernetlite_0/U0/IOFFS_GEN[1].TX_FF_I. It has the property IOB=TRUE, but it is not driving or driven by any IO element.
Related violations: <none>

PLIO-6#8 Warning
Placement Constraints Check for IO constraints  
Invalid constraint on register mblaze_i/axi_ethernetlite_0/U0/IOFFS_GEN[2].RX_FF_I. It has the property IOB=TRUE, but it is not driving or driven by any IO element.
Related violations: <none>

PLIO-6#9 Warning
Placement Constraints Check for IO constraints  
Invalid constraint on register mblaze_i/axi_ethernetlite_0/U0/IOFFS_GEN[2].TX_FF_I. It has the property IOB=TRUE, but it is not driving or driven by any IO element.
Related violations: <none>

PLIO-6#10 Warning
Placement Constraints Check for IO constraints  
Invalid constraint on register mblaze_i/axi_ethernetlite_0/U0/IOFFS_GEN[3].RX_FF_I. It has the property IOB=TRUE, but it is not driving or driven by any IO element.
Related violations: <none>

PLIO-6#11 Warning
Placement Constraints Check for IO constraints  
Invalid constraint on register mblaze_i/axi_ethernetlite_0/U0/IOFFS_GEN[3].TX_FF_I. It has the property IOB=TRUE, but it is not driving or driven by any IO element.
Related violations: <none>

PLIO-7#1 Warning
Placement Constraints Check for IO constraints  
An IO Bus dip_switches_16bits_tri_i[15:0] with more than one IO standard is found. Components associated with this bus are: LVCMOS18 (dip_switches_16bits_tri_i[9], dip_switches_16bits_tri_i[8]); LVCMOS33 (dip_switches_16bits_tri_i[15], dip_switches_16bits_tri_i[14], dip_switches_16bits_tri_i[13], dip_switches_16bits_tri_i[12], dip_switches_16bits_tri_i[11], dip_switches_16bits_tri_i[10], dip_switches_16bits_tri_i[7], dip_switches_16bits_tri_i[6], dip_switches_16bits_tri_i[5], dip_switches_16bits_tri_i[4], dip_switches_16bits_tri_i[3], dip_switches_16bits_tri_i[2], dip_switches_16bits_tri_i[1], dip_switches_16bits_tri_i[0]); 
Related violations: <none>

REQP-1617#1 Warning
use_IOB_register  
The FDRE cell mblaze_i/axi_ethernetlite_0/U0/IOFFS_GEN2.DVD_FF has IOB set to TRUE, but does not connect directly to an IO cell. Remove the constraint or ensure the FDRE is property connected to an IO.
Related violations: <none>

REQP-1617#2 Warning
use_IOB_register  
The FDRE cell mblaze_i/axi_ethernetlite_0/U0/IOFFS_GEN2.RER_FF has IOB set to TRUE, but does not connect directly to an IO cell. Remove the constraint or ensure the FDRE is property connected to an IO.
Related violations: <none>

REQP-1617#3 Warning
use_IOB_register  
The FDRE cell mblaze_i/axi_ethernetlite_0/U0/IOFFS_GEN2.TEN_FF has IOB set to TRUE, but does not connect directly to an IO cell. Remove the constraint or ensure the FDRE is property connected to an IO.
Related violations: <none>

REQP-1617#4 Warning
use_IOB_register  
The FDRE cell mblaze_i/axi_ethernetlite_0/U0/IOFFS_GEN[0].RX_FF_I has IOB set to TRUE, but does not connect directly to an IO cell. Remove the constraint or ensure the FDRE is property connected to an IO.
Related violations: <none>

REQP-1617#5 Warning
use_IOB_register  
The FDRE cell mblaze_i/axi_ethernetlite_0/U0/IOFFS_GEN[0].TX_FF_I has IOB set to TRUE, but does not connect directly to an IO cell. Remove the constraint or ensure the FDRE is property connected to an IO.
Related violations: <none>

REQP-1617#6 Warning
use_IOB_register  
The FDRE cell mblaze_i/axi_ethernetlite_0/U0/IOFFS_GEN[1].RX_FF_I has IOB set to TRUE, but does not connect directly to an IO cell. Remove the constraint or ensure the FDRE is property connected to an IO.
Related violations: <none>

REQP-1617#7 Warning
use_IOB_register  
The FDRE cell mblaze_i/axi_ethernetlite_0/U0/IOFFS_GEN[1].TX_FF_I has IOB set to TRUE, but does not connect directly to an IO cell. Remove the constraint or ensure the FDRE is property connected to an IO.
Related violations: <none>

REQP-1617#8 Warning
use_IOB_register  
The FDRE cell mblaze_i/axi_ethernetlite_0/U0/IOFFS_GEN[2].RX_FF_I has IOB set to TRUE, but does not connect directly to an IO cell. Remove the constraint or ensure the FDRE is property connected to an IO.
Related violations: <none>

REQP-1617#9 Warning
use_IOB_register  
The FDRE cell mblaze_i/axi_ethernetlite_0/U0/IOFFS_GEN[2].TX_FF_I has IOB set to TRUE, but does not connect directly to an IO cell. Remove the constraint or ensure the FDRE is property connected to an IO.
Related violations: <none>

REQP-1617#10 Warning
use_IOB_register  
The FDRE cell mblaze_i/axi_ethernetlite_0/U0/IOFFS_GEN[3].RX_FF_I has IOB set to TRUE, but does not connect directly to an IO cell. Remove the constraint or ensure the FDRE is property connected to an IO.
Related violations: <none>

REQP-1617#11 Warning
use_IOB_register  
The FDRE cell mblaze_i/axi_ethernetlite_0/U0/IOFFS_GEN[3].TX_FF_I has IOB set to TRUE, but does not connect directly to an IO cell. Remove the constraint or ensure the FDRE is property connected to an IO.
Related violations: <none>

REQP-1709#1 Warning
Clock output buffering  
PLLE2_ADV connectivity violation. The signal mblaze_i/mig_7series_0/u_mblaze_mig_7series_0_1_mig/u_ddr2_infrastructure/pll_clk3_out on the mblaze_i/mig_7series_0/u_mblaze_mig_7series_0_1_mig/u_ddr2_infrastructure/plle2_i/CLKOUT3 pin of mblaze_i/mig_7series_0/u_mblaze_mig_7series_0_1_mig/u_ddr2_infrastructure/plle2_i does not drive the same kind of BUFFER load as the other CLKOUT pins. Routing from the different buffer types will not be phase aligned.
Related violations: <none>

REQP-1839#1 Warning
RAMB36 async control check  
The RAMB36E1 mblaze_i/axi_ethernetlite_0/U0/XEMAC_I/RX_PING/xpm_mem_gen.xpm_memory_inst/xpm_memory_base_inst/gen_wr_b.gen_word_wide.mem_reg has an input control pin mblaze_i/axi_ethernetlite_0/U0/XEMAC_I/RX_PING/xpm_mem_gen.xpm_memory_inst/xpm_memory_base_inst/gen_wr_b.gen_word_wide.mem_reg/ENARDEN (net: mblaze_i/axi_ethernetlite_0/U0/XEMAC_I/RX_PING/xpm_mem_gen.xpm_memory_inst/xpm_memory_base_inst/ena) which is driven by a register (mblaze_i/axi_ethernetlite_0/U0/XEMAC_I/EMAC_I/RX/INST_RX_INTRFCE/I_RX_FIFO/LEGACY_COREGEN_DEPTH.V6_S6_AND_LATER.I_ASYNC_FIFO_BRAM/inst_fifo_gen/gconvfifo.rf/grf.rf/gntv_or_sync_fifo.gl0.rd/grhf.rhf/gv.ram_valid_d1_reg) that has an active asychronous set or reset. This may cause corruption of the memory contents and/or read values when the set/reset is asserted and is not analyzed by the default static timing analysis. It is suggested to eliminate the use of a set/reset to registers driving this RAMB pin or else use a synchronous reset in which the assertion of the reset is timed by default.
Related violations: <none>

REQP-1839#2 Warning
RAMB36 async control check  
The RAMB36E1 mblaze_i/axi_ethernetlite_0/U0/XEMAC_I/RX_PING/xpm_mem_gen.xpm_memory_inst/xpm_memory_base_inst/gen_wr_b.gen_word_wide.mem_reg has an input control pin mblaze_i/axi_ethernetlite_0/U0/XEMAC_I/RX_PING/xpm_mem_gen.xpm_memory_inst/xpm_memory_base_inst/gen_wr_b.gen_word_wide.mem_reg/WEA[0] (net: mblaze_i/axi_ethernetlite_0/U0/XEMAC_I/RX_PING/xpm_mem_gen.xpm_memory_inst/xpm_memory_base_inst/gen_wr_b.gen_word_wide.mem_reg_i_3_n_0) which is driven by a register (mblaze_i/axi_ethernetlite_0/U0/XEMAC_I/EMAC_I/RX/INST_RX_INTRFCE/I_RX_FIFO/LEGACY_COREGEN_DEPTH.V6_S6_AND_LATER.I_ASYNC_FIFO_BRAM/inst_fifo_gen/gconvfifo.rf/grf.rf/gntv_or_sync_fifo.gl0.rd/grhf.rhf/gv.ram_valid_d1_reg) that has an active asychronous set or reset. This may cause corruption of the memory contents and/or read values when the set/reset is asserted and is not analyzed by the default static timing analysis. It is suggested to eliminate the use of a set/reset to registers driving this RAMB pin or else use a synchronous reset in which the assertion of the reset is timed by default.
Related violations: <none>

REQP-1839#3 Warning
RAMB36 async control check  
The RAMB36E1 mblaze_i/axi_ethernetlite_0/U0/XEMAC_I/RX_PONG_GEN.RX_PONG_I/xpm_mem_gen.xpm_memory_inst/xpm_memory_base_inst/gen_wr_b.gen_word_wide.mem_reg has an input control pin mblaze_i/axi_ethernetlite_0/U0/XEMAC_I/RX_PONG_GEN.RX_PONG_I/xpm_mem_gen.xpm_memory_inst/xpm_memory_base_inst/gen_wr_b.gen_word_wide.mem_reg/ENARDEN (net: mblaze_i/axi_ethernetlite_0/U0/XEMAC_I/RX_PONG_GEN.RX_PONG_I/xpm_mem_gen.xpm_memory_inst/xpm_memory_base_inst/ena) which is driven by a register (mblaze_i/axi_ethernetlite_0/U0/XEMAC_I/EMAC_I/RX/INST_RX_INTRFCE/I_RX_FIFO/LEGACY_COREGEN_DEPTH.V6_S6_AND_LATER.I_ASYNC_FIFO_BRAM/inst_fifo_gen/gconvfifo.rf/grf.rf/gntv_or_sync_fifo.gl0.rd/grhf.rhf/gv.ram_valid_d1_reg) that has an active asychronous set or reset. This may cause corruption of the memory contents and/or read values when the set/reset is asserted and is not analyzed by the default static timing analysis. It is suggested to eliminate the use of a set/reset to registers driving this RAMB pin or else use a synchronous reset in which the assertion of the reset is timed by default.
Related violations: <none>

REQP-1839#4 Warning
RAMB36 async control check  
The RAMB36E1 mblaze_i/axi_ethernetlite_0/U0/XEMAC_I/RX_PONG_GEN.RX_PONG_I/xpm_mem_gen.xpm_memory_inst/xpm_memory_base_inst/gen_wr_b.gen_word_wide.mem_reg has an input control pin mblaze_i/axi_ethernetlite_0/U0/XEMAC_I/RX_PONG_GEN.RX_PONG_I/xpm_mem_gen.xpm_memory_inst/xpm_memory_base_inst/gen_wr_b.gen_word_wide.mem_reg/WEA[0] (net: mblaze_i/axi_ethernetlite_0/U0/XEMAC_I/RX_PONG_GEN.RX_PONG_I/xpm_mem_gen.xpm_memory_inst/xpm_memory_base_inst/gen_wr_b.gen_word_wide.mem_reg_i_3_n_0) which is driven by a register (mblaze_i/axi_ethernetlite_0/U0/XEMAC_I/EMAC_I/RX/INST_RX_INTRFCE/I_RX_FIFO/LEGACY_COREGEN_DEPTH.V6_S6_AND_LATER.I_ASYNC_FIFO_BRAM/inst_fifo_gen/gconvfifo.rf/grf.rf/gntv_or_sync_fifo.gl0.rd/grhf.rhf/gv.ram_valid_d1_reg) that has an active asychronous set or reset. This may cause corruption of the memory contents and/or read values when the set/reset is asserted and is not analyzed by the default static timing analysis. It is suggested to eliminate the use of a set/reset to registers driving this RAMB pin or else use a synchronous reset in which the assertion of the reset is timed by default.
Related violations: <none>


