#-----------------------------------------------------------
# Vivado v2016.1 (64-bit)
# SW Build 1538259 on Fri Apr  8 15:45:27 MDT 2016
# IP Build 1537824 on Fri Apr  8 04:28:57 MDT 2016
# Start of session at: Fri Jun 03 00:47:26 2022
# Process ID: 17352
# Current directory: C:/Users/senel/micro_blaze.xpr/proje_2016
# Command line: vivado.exe -gui_launcher_event rodinguilauncherevent4908 C:\Users\senel\micro_blaze.xpr\proje_2016\proje_2016.xpr
# Log file: C:/Users/senel/micro_blaze.xpr/proje_2016/vivado.log
# Journal file: C:/Users/senel/micro_blaze.xpr/proje_2016\vivado.jou
#-----------------------------------------------------------
start_gui
open_project C:/Users/senel/micro_blaze.xpr/proje_2016/proje_2016.xpr
CRITICAL WARNING: [Project 1-19] Could not find the file 'C:/Users/senel/proje_2016/proje_2016.srcs/sources_1/bd/mblaze/ip/mblaze_mig_7series_0_0/board.prj'.
CRITICAL WARNING: [Project 1-19] Could not find the file 'C:/Users/senel/proje_2016/proje_2016.srcs/sources_1/bd/mblaze/ip/mblaze_mig_7series_1_0/board.prj'.
Scanning sources...
Finished scanning sources
INFO: [IP_Flow 19-234] Refreshing IP repositories
INFO: [IP_Flow 19-1704] No user IP repositories specified
INFO: [IP_Flow 19-2313] Loaded Vivado IP repository 'C:/Xilinx/Vivado/2016.1/data/ip'.
open_project: Time (s): cpu = 00:00:24 ; elapsed = 00:00:17 . Memory (MB): peak = 1028.207 ; gain = 342.160
update_compile_order -fileset sources_1
open_bd_design {C:/Users/senel/micro_blaze.xpr/proje_2016/proje_2016.srcs/sources_1/bd/mblaze/mblaze.bd}
Adding cell -- xilinx.com:ip:mdm:3.2 - mdm_1
Adding cell -- xilinx.com:ip:microblaze:9.6 - microblaze_0
Adding cell -- xilinx.com:ip:axi_intc:4.1 - microblaze_0_axi_intc
Adding cell -- xilinx.com:ip:xlconcat:2.1 - microblaze_0_xlconcat
Adding cell -- xilinx.com:ip:clk_wiz:5.3 - clk_wiz_1
Adding cell -- xilinx.com:ip:proc_sys_reset:5.0 - rst_clk_wiz_1_100M
Adding cell -- xilinx.com:ip:mig_7series:3.0 - mig_7series_0
Adding cell -- xilinx.com:ip:proc_sys_reset:5.0 - rst_mig_7series_0_81M
Adding cell -- xilinx.com:ip:axi_uartlite:2.0 - axi_uartlite_0
Adding cell -- xilinx.com:ip:axi_gpio:2.0 - axi_gpio_0
Adding cell -- xilinx.com:ip:axi_timer:2.0 - axi_timer_0
Adding cell -- xilinx.com:ip:axi_ethernetlite:3.0 - axi_ethernetlite_0
Adding cell -- xilinx.com:ip:mii_to_rmii:2.0 - mii_to_rmii_0
Adding cell -- xilinx.com:ip:axi_crossbar:2.1 - xbar
Adding cell -- xilinx.com:ip:axi_clock_converter:2.1 - auto_cc
Adding cell -- xilinx.com:ip:axi_dwidth_converter:2.1 - auto_us
Adding cell -- xilinx.com:ip:axi_dwidth_converter:2.1 - auto_us
Adding cell -- xilinx.com:ip:axi_crossbar:2.1 - xbar
Adding cell -- xilinx.com:ip:lmb_bram_if_cntlr:4.0 - dlmb_bram_if_cntlr
Adding cell -- xilinx.com:ip:lmb_v10:3.0 - dlmb_v10
Adding cell -- xilinx.com:ip:lmb_bram_if_cntlr:4.0 - ilmb_bram_if_cntlr
Adding cell -- xilinx.com:ip:lmb_v10:3.0 - ilmb_v10
Adding cell -- xilinx.com:ip:blk_mem_gen:8.3 - lmb_bram
Successfully read diagram <mblaze> from BD file <C:/Users/senel/micro_blaze.xpr/proje_2016/proje_2016.srcs/sources_1/bd/mblaze/mblaze.bd>
open_bd_design: Time (s): cpu = 00:00:11 ; elapsed = 00:00:06 . Memory (MB): peak = 1129.398 ; gain = 75.500
INFO: [Vivado 12-4158] Exported Hardware file is out of date. Exported hardware information may be inconsistent with respect to the current state of the design. It is recommended that you re-export the design and launch SDK otherwise SDK is launched with out of date hardware system file.
launch_sdk -workspace C:/Users/senel/micro_blaze.xpr/proje_2016/sdk1 -hwspec C:/Users/senel/micro_blaze.xpr/proje_2016/sdk1/mblaze_wrapper.hdf
INFO: [Vivado 12-393] Launching SDK...
INFO: [Vivado 12-417] Running xsdk -workspace C:/Users/senel/micro_blaze.xpr/proje_2016/sdk1 -hwspec C:/Users/senel/micro_blaze.xpr/proje_2016/sdk1/mblaze_wrapper.hdf
INFO: [Vivado 12-3157] SDK launch initiated. Please check console for any further messages.
reset_run synth_1
launch_runs impl_1
[Fri Jun 03 01:18:00 2022] Launched synth_1...
Run output will be captured here: C:/Users/senel/micro_blaze.xpr/proje_2016/proje_2016.runs/synth_1/runme.log
[Fri Jun 03 01:18:00 2022] Launched impl_1...
Run output will be captured here: C:/Users/senel/micro_blaze.xpr/proje_2016/proje_2016.runs/impl_1/runme.log
reset_run impl_1 -noclean_dir 
exit
INFO: [Common 17-206] Exiting Vivado at Fri Jun 03 01:26:00 2022...
