#-----------------------------------------------------------
# Vivado v2016.1 (64-bit)
# SW Build 1538259 on Fri Apr  8 15:45:27 MDT 2016
# IP Build 1537824 on Fri Apr  8 04:28:57 MDT 2016
# Start of session at: Thu Jun 02 22:00:55 2022
# Process ID: 16372
# Current directory: C:/Users/senel/micro_blaze.xpr/proje_2016
# Command line: vivado.exe -gui_launcher_event rodinguilauncherevent7068 C:\Users\senel\micro_blaze.xpr\proje_2016\proje_2016.xpr
# Log file: C:/Users/senel/micro_blaze.xpr/proje_2016/vivado.log
# Journal file: C:/Users/senel/micro_blaze.xpr/proje_2016\vivado.jou
#-----------------------------------------------------------
start_gui
open_project C:/Users/senel/micro_blaze.xpr/proje_2016/proje_2016.xpr
CRITICAL WARNING: [Project 1-19] Could not find the file 'C:/Users/senel/proje_2016/proje_2016.srcs/sources_1/bd/mblaze/ip/mblaze_mig_7series_0_0/board.prj'.
CRITICAL WARNING: [Project 1-19] Could not find the file 'C:/Users/senel/proje_2016/proje_2016.srcs/sources_1/bd/mblaze/ip/mblaze_mig_7series_1_0/board.prj'.
Scanning sources...
Finished scanning sources
INFO: [IP_Flow 19-234] Refreshing IP repositories
INFO: [IP_Flow 19-1704] No user IP repositories specified
INFO: [IP_Flow 19-2313] Loaded Vivado IP repository 'C:/Xilinx/Vivado/2016.1/data/ip'.
open_project: Time (s): cpu = 00:00:27 ; elapsed = 00:00:20 . Memory (MB): peak = 1028.520 ; gain = 349.184
update_compile_order -fileset sources_1
INFO: [Vivado 12-4158] Exported Hardware file is out of date. Exported hardware information may be inconsistent with respect to the current state of the design. It is recommended that you re-export the design and launch SDK otherwise SDK is launched with out of date hardware system file.
launch_sdk -workspace C:/Users/senel/micro_blaze.xpr/proje_2016/sdk1 -hwspec C:/Users/senel/micro_blaze.xpr/proje_2016/sdk1/mblaze_wrapper.hdf
INFO: [Vivado 12-393] Launching SDK...
INFO: [Vivado 12-417] Running xsdk -workspace C:/Users/senel/micro_blaze.xpr/proje_2016/sdk1 -hwspec C:/Users/senel/micro_blaze.xpr/proje_2016/sdk1/mblaze_wrapper.hdf
INFO: [Vivado 12-3157] SDK launch initiated. Please check console for any further messages.
exit
INFO: [Common 17-206] Exiting Vivado at Thu Jun 02 22:02:56 2022...
