#-----------------------------------------------------------
# Vivado v2016.1 (64-bit)
# SW Build 1538259 on Fri Apr  8 15:45:27 MDT 2016
# IP Build 1537824 on Fri Apr  8 04:28:57 MDT 2016
# Start of session at: Thu Jun 02 16:06:30 2022
# Process ID: 2760
# Current directory: C:/Users/Emir Yarýcý/AppData/Roaming/Xilinx/Vivado
# Command line: vivado.exe -gui_launcher_event rodinguilauncherevent11132
# Log file: C:/Users/Emir Yarýcý/AppData/Roaming/Xilinx/Vivado/vivado.log
# Journal file: C:/Users/Emir Yarýcý/AppData/Roaming/Xilinx/Vivado\vivado.jou
#-----------------------------------------------------------
start_gui
open_project D:/proje_2016/proje_2016.xpr
CRITICAL WARNING: [Project 1-19] Could not find the file 'D:/proje_2016/proje_2016.srcs/sources_1/bd/mblaze/ip/mblaze_mig_7series_0_0/board.prj'.
CRITICAL WARNING: [Project 1-19] Could not find the file 'D:/proje_2016/proje_2016.srcs/sources_1/bd/mblaze/ip/mblaze_mig_7series_1_0/board.prj'.
Scanning sources...
Finished scanning sources
INFO: [IP_Flow 19-234] Refreshing IP repositories
INFO: [IP_Flow 19-1704] No user IP repositories specified
INFO: [IP_Flow 19-2313] Loaded Vivado IP repository 'D:/Vivado/2016.1/data/ip'.
open_project: Time (s): cpu = 00:00:22 ; elapsed = 00:00:31 . Memory (MB): peak = 958.840 ; gain = 324.281
update_compile_order -fileset sources_1
open_bd_design {D:/proje_2016/proje_2016.srcs/sources_1/bd/mblaze/mblaze.bd}
Adding cell -- xilinx.com:ip:mdm:3.2 - mdm_1
Adding cell -- xilinx.com:ip:microblaze:9.6 - microblaze_0
Adding cell -- xilinx.com:ip:axi_intc:4.1 - microblaze_0_axi_intc
Adding cell -- xilinx.com:ip:xlconcat:2.1 - microblaze_0_xlconcat
Adding cell -- xilinx.com:ip:clk_wiz:5.3 - clk_wiz_1
Adding cell -- xilinx.com:ip:proc_sys_reset:5.0 - rst_clk_wiz_1_100M
Adding cell -- xilinx.com:ip:mig_7series:3.0 - mig_7series_0
Adding cell -- xilinx.com:ip:proc_sys_reset:5.0 - rst_mig_7series_0_81M
Adding cell -- xilinx.com:ip:axi_uartlite:2.0 - axi_uartlite_0
Adding cell -- xilinx.com:ip:axi_gpio:2.0 - axi_gpio_0
Adding cell -- xilinx.com:ip:axi_timer:2.0 - axi_timer_0
Adding cell -- xilinx.com:ip:axi_ethernetlite:3.0 - axi_ethernetlite_0
Adding cell -- xilinx.com:ip:mii_to_rmii:2.0 - mii_to_rmii_0
Adding cell -- xilinx.com:ip:axi_crossbar:2.1 - xbar
Adding cell -- xilinx.com:ip:axi_clock_converter:2.1 - auto_cc
Adding cell -- xilinx.com:ip:axi_dwidth_converter:2.1 - auto_us
Adding cell -- xilinx.com:ip:axi_dwidth_converter:2.1 - auto_us
Adding cell -- xilinx.com:ip:axi_crossbar:2.1 - xbar
Adding cell -- xilinx.com:ip:lmb_bram_if_cntlr:4.0 - dlmb_bram_if_cntlr
Adding cell -- xilinx.com:ip:lmb_v10:3.0 - dlmb_v10
Adding cell -- xilinx.com:ip:lmb_bram_if_cntlr:4.0 - ilmb_bram_if_cntlr
Adding cell -- xilinx.com:ip:lmb_v10:3.0 - ilmb_v10
Adding cell -- xilinx.com:ip:blk_mem_gen:8.3 - lmb_bram
Successfully read diagram <mblaze> from BD file <D:/proje_2016/proje_2016.srcs/sources_1/bd/mblaze/mblaze.bd>
open_bd_design: Time (s): cpu = 00:00:07 ; elapsed = 00:00:09 . Memory (MB): peak = 1068.680 ; gain = 20.781
open_run impl_1
INFO: [Netlist 29-17] Analyzing 676 Unisim elements for replacement
INFO: [Netlist 29-28] Unisim Transformation completed in 1 CPU seconds
INFO: [Project 1-479] Netlist was created with Vivado 2016.1
INFO: [Device 21-403] Loading part xc7a100tcsg324-1
INFO: [Project 1-570] Preparing netlist for logic optimization
Parsing XDC File [C:/Users/Emir Yarýcý/AppData/Roaming/Xilinx/Vivado/.Xil/Vivado-2760-DESKTOP-G1K8CE1/dcp/mblaze_wrapper_early.xdc]
INFO: [Common 17-41] Interrupt caught. Command should exit soon. [D:/proje_2016/proje_2016.srcs/sources_1/bd/mblaze/ip/mblaze_mdm_1_0/mblaze_mdm_1_0.xdc:50]
INFO: [Common 17-344] 'get_clocks' was cancelled [D:/proje_2016/proje_2016.srcs/sources_1/bd/mblaze/ip/mblaze_mdm_1_0/mblaze_mdm_1_0.xdc:50]
Finished Parsing XDC File [C:/Users/Emir Yarýcý/AppData/Roaming/Xilinx/Vivado/.Xil/Vivado-2760-DESKTOP-G1K8CE1/dcp/mblaze_wrapper_early.xdc]
Parsing XDC File [C:/Users/Emir Yarýcý/AppData/Roaming/Xilinx/Vivado/.Xil/Vivado-2760-DESKTOP-G1K8CE1/dcp/mblaze_wrapper.xdc]
Finished Parsing XDC File [C:/Users/Emir Yarýcý/AppData/Roaming/Xilinx/Vivado/.Xil/Vivado-2760-DESKTOP-G1K8CE1/dcp/mblaze_wrapper.xdc]
Parsing XDC File [C:/Users/Emir Yarýcý/AppData/Roaming/Xilinx/Vivado/.Xil/Vivado-2760-DESKTOP-G1K8CE1/dcp/mblaze_wrapper_late.xdc]
Finished Parsing XDC File [C:/Users/Emir Yarýcý/AppData/Roaming/Xilinx/Vivado/.Xil/Vivado-2760-DESKTOP-G1K8CE1/dcp/mblaze_wrapper_late.xdc]
Reading XDEF placement.
Reading placer database...
Reading XDEF routing.
Restored from archive | CPU: 2.000000 secs | Memory: 0.000000 MB |
Finished XDEF File Restore: Time (s): cpu = 00:00:02 ; elapsed = 00:00:01 . Memory (MB): peak = 1860.035 ; gain = 35.199
open_run: Time (s): cpu = 00:00:25 ; elapsed = 00:00:30 . Memory (MB): peak = 1869.539 ; gain = 779.977
INFO: [Common 17-344] 'open_run' was cancelled
validate_bd_design -force
INFO: [xilinx.com:ip:microblaze:9.6-16] /microblaze_0: Setting D-cache cacheable area base address C_DCACHE_BASEADDR to 0x80000000 and high address C_DCACHE_HIGHADDR to 0x87FFFFFF.
INFO: [xilinx.com:ip:microblaze:9.6-16] /microblaze_0: Setting I-cache cacheable area base address C_ICACHE_BASEADDR to 0x80000000 and high address C_ICACHE_HIGHADDR to 0x87FFFFFF.
INFO: [xilinx.com:ip:axi_intc:4.1-1] /microblaze_0_axi_intc: The AXI INTC core has been configured to operate with synchronous clocks.
WARNING: [xilinx.com:ip:axi_intc:4.1-7] /microblaze_0_axi_intc: Interrupts type manual value (0xFFFFFFFF) does not match computed value (0xFFFFFFF9). Please review the manual value or consider using Auto instead.
validate_bd_design: Time (s): cpu = 00:00:10 ; elapsed = 00:00:12 . Memory (MB): peak = 1869.539 ; gain = 0.000
save_bd_design
Wrote  : <D:/proje_2016/proje_2016.srcs/sources_1/bd/mblaze/mblaze.bd> 
reset_run synth_1
launch_runs impl_1 -to_step write_bitstream -jobs 2
INFO: [BD 41-1662] The design 'mblaze.bd' is already validated. Therefore parameter propagation will not be re-run.
VHDL Output written to : D:/proje_2016/proje_2016.srcs/sources_1/bd/mblaze/hdl/mblaze.vhd
VHDL Output written to : D:/proje_2016/proje_2016.srcs/sources_1/bd/mblaze/hdl/mblaze_wrapper.vhd
Wrote  : <D:/proje_2016/proje_2016.srcs/sources_1/bd/mblaze/mblaze.bd> 
INFO: [BD 41-1029] Generation completed for the IP Integrator block microblaze_0 .
INFO: [BD 41-1029] Generation completed for the IP Integrator block microblaze_0_local_memory/dlmb_v10 .
INFO: [BD 41-1029] Generation completed for the IP Integrator block microblaze_0_local_memory/ilmb_v10 .
INFO: [BD 41-1029] Generation completed for the IP Integrator block microblaze_0_local_memory/dlmb_bram_if_cntlr .
INFO: [BD 41-1029] Generation completed for the IP Integrator block microblaze_0_local_memory/ilmb_bram_if_cntlr .
INFO: [BD 41-1029] Generation completed for the IP Integrator block microblaze_0_local_memory/lmb_bram .
INFO: [BD 41-1029] Generation completed for the IP Integrator block microblaze_0_axi_intc .
INFO: [BD 41-1029] Generation completed for the IP Integrator block microblaze_0_xlconcat .
INFO: [BD 41-1029] Generation completed for the IP Integrator block mdm_1 .
INFO: [BD 41-1029] Generation completed for the IP Integrator block clk_wiz_1 .
INFO: [BD 41-1029] Generation completed for the IP Integrator block rst_clk_wiz_1_100M .
INFO: [BD 41-1029] Generation completed for the IP Integrator block axi_mem_intercon/xbar .
WARNING: [Board 49-26] cannot add Board Part digilentinc.com:arty-s7-25:part0:1.1 available at D:/Vivado/2016.1/data/boards/board_files/arty-s7-25/E.0/board.xml as part xc7s25csga324-1 specified in board_part file is either invalid or not available
WARNING: [Board 49-26] cannot add Board Part digilentinc.com:arty-s7-50:part0:1.1 available at D:/Vivado/2016.1/data/boards/board_files/arty-s7-50/B.0/board.xml as part xc7s50csga324-1 specified in board_part file is either invalid or not available
WARNING: [Board 49-26] cannot add Board Part digilentinc.com:cmod-s7-25:part0:1.0 available at D:/Vivado/2016.1/data/boards/board_files/cmod-s7-25/B.0/board.xml as part xc7s25csga225-1 specified in board_part file is either invalid or not available
WARNING: [Board 49-26] cannot add Board Part digilentinc.com:cora-z7-07s:part0:1.1 available at D:/Vivado/2016.1/data/boards/board_files/cora-z7-07s/B.0/board.xml as part xc7z007sclg400-1 specified in board_part file is either invalid or not available
WARNING: [Board 49-26] cannot add Board Part digilentinc.com:genesys2:part0:1.1 available at D:/Vivado/2016.1/data/boards/board_files/genesys2/H/board.xml as part xc7k325tffg900-2 specified in board_part file is either invalid or not available
WARNING: [Board 49-26] cannot add Board Part digilentinc.com:gzu_3eg:part0:1.0 available at D:/Vivado/2016.1/data/boards/board_files/genesys-zu-3eg/B.0/board.xml as part xczu3eg-sfvc784-1-e specified in board_part file is either invalid or not available
WARNING: [Board 49-26] cannot add Board Part digilentinc.com:gzu_3eg:part0:1.1 available at D:/Vivado/2016.1/data/boards/board_files/genesys-zu-3eg/D.0/board.xml as part xczu3eg-sfvc784-1-e specified in board_part file is either invalid or not available
WARNING: [Board 49-26] cannot add Board Part digilentinc.com:gzu_5ev:part0:1.1 available at D:/Vivado/2016.1/data/boards/board_files/genesys-zu-5ev/C.0/board.xml as part xczu5ev-sfvc784-1-e specified in board_part file is either invalid or not available
WARNING: [Board 49-26] cannot add Board Part digilentinc.com:sword:part0:1.0 available at D:/Vivado/2016.1/data/boards/board_files/sword/C.0/board.xml as part xc7k325tffg900-2 specified in board_part file is either invalid or not available
WARNING: [Board 49-26] cannot add Board Part digilentinc.com:arty-s7-25:part0:1.1 available at D:/Vivado/2016.1/data/boards/board_files/arty-s7-25/E.0/board.xml as part xc7s25csga324-1 specified in board_part file is either invalid or not available
WARNING: [Board 49-26] cannot add Board Part digilentinc.com:arty-s7-50:part0:1.1 available at D:/Vivado/2016.1/data/boards/board_files/arty-s7-50/B.0/board.xml as part xc7s50csga324-1 specified in board_part file is either invalid or not available
WARNING: [Board 49-26] cannot add Board Part digilentinc.com:cmod-s7-25:part0:1.0 available at D:/Vivado/2016.1/data/boards/board_files/cmod-s7-25/B.0/board.xml as part xc7s25csga225-1 specified in board_part file is either invalid or not available
WARNING: [Board 49-26] cannot add Board Part digilentinc.com:cora-z7-07s:part0:1.1 available at D:/Vivado/2016.1/data/boards/board_files/cora-z7-07s/B.0/board.xml as part xc7z007sclg400-1 specified in board_part file is either invalid or not available
WARNING: [Board 49-26] cannot add Board Part digilentinc.com:genesys2:part0:1.1 available at D:/Vivado/2016.1/data/boards/board_files/genesys2/H/board.xml as part xc7k325tffg900-2 specified in board_part file is either invalid or not available
WARNING: [Board 49-26] cannot add Board Part digilentinc.com:gzu_3eg:part0:1.0 available at D:/Vivado/2016.1/data/boards/board_files/genesys-zu-3eg/B.0/board.xml as part xczu3eg-sfvc784-1-e specified in board_part file is either invalid or not available
WARNING: [Board 49-26] cannot add Board Part digilentinc.com:gzu_3eg:part0:1.1 available at D:/Vivado/2016.1/data/boards/board_files/genesys-zu-3eg/D.0/board.xml as part xczu3eg-sfvc784-1-e specified in board_part file is either invalid or not available
WARNING: [Board 49-26] cannot add Board Part digilentinc.com:gzu_5ev:part0:1.1 available at D:/Vivado/2016.1/data/boards/board_files/genesys-zu-5ev/C.0/board.xml as part xczu5ev-sfvc784-1-e specified in board_part file is either invalid or not available
WARNING: [Board 49-26] cannot add Board Part digilentinc.com:sword:part0:1.0 available at D:/Vivado/2016.1/data/boards/board_files/sword/C.0/board.xml as part xc7k325tffg900-2 specified in board_part file is either invalid or not available
WARNING: [Board 49-26] cannot add Board Part digilentinc.com:arty-s7-25:part0:1.1 available at D:/Vivado/2016.1/data/boards/board_files/arty-s7-25/E.0/board.xml as part xc7s25csga324-1 specified in board_part file is either invalid or not available
WARNING: [Board 49-26] cannot add Board Part digilentinc.com:arty-s7-50:part0:1.1 available at D:/Vivado/2016.1/data/boards/board_files/arty-s7-50/B.0/board.xml as part xc7s50csga324-1 specified in board_part file is either invalid or not available
WARNING: [Board 49-26] cannot add Board Part digilentinc.com:cmod-s7-25:part0:1.0 available at D:/Vivado/2016.1/data/boards/board_files/cmod-s7-25/B.0/board.xml as part xc7s25csga225-1 specified in board_part file is either invalid or not available
WARNING: [Board 49-26] cannot add Board Part digilentinc.com:cora-z7-07s:part0:1.1 available at D:/Vivado/2016.1/data/boards/board_files/cora-z7-07s/B.0/board.xml as part xc7z007sclg400-1 specified in board_part file is either invalid or not available
WARNING: [Board 49-26] cannot add Board Part digilentinc.com:genesys2:part0:1.1 available at D:/Vivado/2016.1/data/boards/board_files/genesys2/H/board.xml as part xc7k325tffg900-2 specified in board_part file is either invalid or not available
WARNING: [Board 49-26] cannot add Board Part digilentinc.com:gzu_3eg:part0:1.0 available at D:/Vivado/2016.1/data/boards/board_files/genesys-zu-3eg/B.0/board.xml as part xczu3eg-sfvc784-1-e specified in board_part file is either invalid or not available
WARNING: [Board 49-26] cannot add Board Part digilentinc.com:gzu_3eg:part0:1.1 available at D:/Vivado/2016.1/data/boards/board_files/genesys-zu-3eg/D.0/board.xml as part xczu3eg-sfvc784-1-e specified in board_part file is either invalid or not available
WARNING: [Board 49-26] cannot add Board Part digilentinc.com:gzu_5ev:part0:1.1 available at D:/Vivado/2016.1/data/boards/board_files/genesys-zu-5ev/C.0/board.xml as part xczu5ev-sfvc784-1-e specified in board_part file is either invalid or not available
WARNING: [Board 49-26] cannot add Board Part digilentinc.com:sword:part0:1.0 available at D:/Vivado/2016.1/data/boards/board_files/sword/C.0/board.xml as part xc7k325tffg900-2 specified in board_part file is either invalid or not available
INFO: [BD 41-1029] Generation completed for the IP Integrator block mig_7series_0 .
INFO: [BD 41-1029] Generation completed for the IP Integrator block rst_mig_7series_0_81M .
INFO: [BD 41-1029] Generation completed for the IP Integrator block axi_uartlite_0 .
INFO: [BD 41-1029] Generation completed for the IP Integrator block microblaze_0_axi_periph/xbar .
INFO: [BD 41-1029] Generation completed for the IP Integrator block axi_gpio_0 .
INFO: [BD 41-1029] Generation completed for the IP Integrator block axi_timer_0 .
INFO: [BD 41-1029] Generation completed for the IP Integrator block axi_ethernetlite_0 .
INFO: [BD 41-1029] Generation completed for the IP Integrator block mii_to_rmii_0 .
INFO: [BD 41-1029] Generation completed for the IP Integrator block axi_mem_intercon/m00_couplers/auto_cc .
INFO: [BD 41-1029] Generation completed for the IP Integrator block axi_mem_intercon/s00_couplers/auto_us .
INFO: [BD 41-1029] Generation completed for the IP Integrator block axi_mem_intercon/s01_couplers/auto_us .
Exporting to file D:/proje_2016/proje_2016.srcs/sources_1/bd/mblaze/hw_handoff/mblaze.hwh
Generated Block Design Tcl file D:/proje_2016/proje_2016.srcs/sources_1/bd/mblaze/hw_handoff/mblaze_bd.tcl
Generated Hardware Definition File D:/proje_2016/proje_2016.srcs/sources_1/bd/mblaze/hdl/mblaze.hwdef
[Thu Jun 02 16:13:31 2022] Launched synth_1...
Run output will be captured here: D:/proje_2016/proje_2016.runs/synth_1/runme.log
[Thu Jun 02 16:13:31 2022] Launched impl_1...
Run output will be captured here: D:/proje_2016/proje_2016.runs/impl_1/runme.log
launch_runs: Time (s): cpu = 00:00:07 ; elapsed = 00:00:56 . Memory (MB): peak = 1869.539 ; gain = 0.000
open_run impl_1
INFO: [Netlist 29-17] Analyzing 676 Unisim elements for replacement
INFO: [Netlist 29-28] Unisim Transformation completed in 1 CPU seconds
INFO: [Project 1-479] Netlist was created with Vivado 2016.1
INFO: [Project 1-570] Preparing netlist for logic optimization
Parsing XDC File [C:/Users/Emir Yarýcý/AppData/Roaming/Xilinx/Vivado/.Xil/Vivado-2760-DESKTOP-G1K8CE1/dcp/mblaze_wrapper_early.xdc]
INFO: [Timing 38-35] Done setting XDC timing constraints. [D:/proje_2016/proje_2016.srcs/sources_1/bd/mblaze/ip/mblaze_mdm_1_0/mblaze_mdm_1_0.xdc:50]
INFO: [Timing 38-2] Deriving generated clocks [D:/proje_2016/proje_2016.srcs/sources_1/bd/mblaze/ip/mblaze_clk_wiz_1_0/mblaze_clk_wiz_1_0.xdc:57]
Finished Parsing XDC File [C:/Users/Emir Yarýcý/AppData/Roaming/Xilinx/Vivado/.Xil/Vivado-2760-DESKTOP-G1K8CE1/dcp/mblaze_wrapper_early.xdc]
Parsing XDC File [C:/Users/Emir Yarýcý/AppData/Roaming/Xilinx/Vivado/.Xil/Vivado-2760-DESKTOP-G1K8CE1/dcp/mblaze_wrapper.xdc]
Finished Parsing XDC File [C:/Users/Emir Yarýcý/AppData/Roaming/Xilinx/Vivado/.Xil/Vivado-2760-DESKTOP-G1K8CE1/dcp/mblaze_wrapper.xdc]
Parsing XDC File [C:/Users/Emir Yarýcý/AppData/Roaming/Xilinx/Vivado/.Xil/Vivado-2760-DESKTOP-G1K8CE1/dcp/mblaze_wrapper_late.xdc]
INFO: [Timing 38-2] Deriving generated clocks [D:/proje_2016/proje_2016.srcs/sources_1/bd/mblaze/ip/mblaze_axi_ethernetlite_0_0/mblaze_axi_ethernetlite_0_0_clocks.xdc:54]
Finished Parsing XDC File [C:/Users/Emir Yarýcý/AppData/Roaming/Xilinx/Vivado/.Xil/Vivado-2760-DESKTOP-G1K8CE1/dcp/mblaze_wrapper_late.xdc]
Reading XDEF placement.
Reading placer database...
Reading XDEF routing.
Read XDEF File: Time (s): cpu = 00:00:02 ; elapsed = 00:00:02 . Memory (MB): peak = 2023.117 ; gain = 13.777
Restored from archive | CPU: 2.000000 secs | Memory: 0.000000 MB |
Finished XDEF File Restore: Time (s): cpu = 00:00:02 ; elapsed = 00:00:02 . Memory (MB): peak = 2023.117 ; gain = 13.777
Generating merged BMM file for the design top 'mblaze_wrapper'...
INFO: [Memdata 28-144] Successfully populated the BRAM INIT strings from the following elf files: d:/proje_2016/proje_2016.srcs/sources_1/bd/mblaze/ip/mblaze_microblaze_0_0/data/mb_bootloop_le.elf 
INFO: [Project 1-111] Unisim Transformation Summary:
  A total of 358 instances were transformed.
  IOBUF => IOBUF (IBUF, OBUFT): 1 instances
  IOBUFDS_INTERMDISABLE => IOBUFDS_INTERMDISABLE (IBUFDS_INTERMDISABLE_INT, IBUFDS_INTERMDISABLE_INT, OBUFTDS, OBUFTDS, INV): 2 instances
  IOBUF_INTERMDISABLE => IOBUF_INTERMDISABLE (IBUF_INTERMDISABLE, OBUFT): 16 instances
  LUT6_2 => LUT6_2 (LUT6, LUT5): 78 instances
  OBUFDS => OBUFDS_DUAL_BUF (OBUFDS, OBUFDS, INV): 1 instances
  RAM16X1D => RAM32X1D (RAMD32, RAMD32): 32 instances
  RAM16X1S => RAM32X1S (RAMS32): 4 instances
  RAM32M => RAM32M (RAMS32, RAMS32, RAMD32, RAMD32, RAMD32, RAMD32, RAMD32, RAMD32): 192 instances
  RAM32X1D => RAM32X1D (RAMD32, RAMD32): 32 instances

open_run: Time (s): cpu = 00:00:29 ; elapsed = 00:00:27 . Memory (MB): peak = 2123.457 ; gain = 253.918
open_report: Time (s): cpu = 00:00:14 ; elapsed = 00:00:11 . Memory (MB): peak = 2167.230 ; gain = 43.320
INFO: [Vivado 12-4158] Exported Hardware file is out of date. Exported hardware information may be inconsistent with respect to the current state of the design. It is recommended that you re-export the design and launch SDK otherwise SDK is launched with out of date hardware system file.
INFO: [Vivado 12-4158] Exported Hardware file is out of date. Exported hardware information may be inconsistent with respect to the current state of the design. It is recommended that you re-export the design and launch SDK otherwise SDK is launched with out of date hardware system file.
launch_sdk -workspace D:/proje_2016/sdk1 -hwspec D:/proje_2016/sdk1/mblaze_wrapper.hdf
INFO: [Vivado 12-393] Launching SDK...
INFO: [Vivado 12-417] Running xsdk -workspace D:/proje_2016/sdk1 -hwspec D:/proje_2016/sdk1/mblaze_wrapper.hdf
INFO: [Vivado 12-3157] SDK launch initiated. Please check console for any further messages.
open_bd_design {D:/proje_2016/proje_2016.srcs/sources_1/bd/mblaze/mblaze.bd}
open_bd_design {D:/proje_2016/proje_2016.srcs/sources_1/bd/mblaze/mblaze.bd}
archive_project D:/proje_2016_haktan/proje_2016.xpr.zip -temp_dir D:/proje_2016_haktan -force -include_config_settings
INFO: [Coretcl 2-137] starting archive...
INFO: [Coretcl 2-1499] Saving project copy to temporary location 'D:/proje_2016_haktan' for archiving project
CRITICAL WARNING: [Project 1-19] Could not find the file 'D:/proje_2016/proje_2016.srcs/sources_1/bd/mblaze/ip/mblaze_mig_7series_0_0/board.prj'.
CRITICAL WARNING: [Project 1-19] Could not find the file 'D:/proje_2016/proje_2016.srcs/sources_1/bd/mblaze/ip/mblaze_mig_7series_1_0/board.prj'.
Scanning sources...
Finished scanning sources
INFO: [IP_Flow 19-234] Refreshing IP repositories
INFO: [IP_Flow 19-1704] No user IP repositories specified
INFO: [IP_Flow 19-2313] Loaded Vivado IP repository 'D:/Vivado/2016.1/data/ip'.
INFO: [Coretcl 2-1211] Creating project copy for archival...
INFO: [Coretcl 2-1213] Including run results for 'synth_1'
INFO: [Coretcl 2-1213] Including run results for 'impl_1'
INFO: [Coretcl 2-1212] Importing remotely added design sources and verilog include files (if any)...
INFO: [filemgmt 20-334] All file(s) are already imported in fileset: 'constrs_1'
INFO: [filemgmt 20-348] Importing the appropriate files for fileset: 'constrs_1'
INFO: [filemgmt 20-334] All file(s) are already imported in fileset: 'sources_1'
INFO: [filemgmt 20-348] Importing the appropriate files for fileset: 'sources_1'
INFO: [Coretcl 2-1209] Adding archive summary file to the project...
****** Webtalk v2016.1 (64-bit)
  **** SW Build 1538259 on Fri Apr  8 15:45:27 MDT 2016
  **** IP Build 1537824 on Fri Apr  8 04:28:57 MDT 2016
    ** Copyright 1986-2016 Xilinx, Inc. All Rights Reserved.

source D:/proje_2016_haktan/PrjAr/_X_/proje_2016.hw/webtalk/labtool_webtalk.tcl -notrace
EriŸim engellendi.
INFO: [Common 17-206] Exiting Webtalk at Thu Jun 02 17:13:56 2022...
INFO: [Coretcl 2-1214] Preparing project files for archive...
INFO: [Coretcl 2-1210] Compressing project files and data...
INFO: [Coretcl 2-1215] Project archived (D:/proje_2016_haktan/proje_2016.xpr.zip)
INFO: [Coretcl 2-1216] To view the archive summary log in GUI, double click on 'Design Sources->Text->archive_project_summary.txt', or open this file from the archived project directory.
archive_project: Time (s): cpu = 00:00:13 ; elapsed = 00:00:18 . Memory (MB): peak = 2471.977 ; gain = 84.867
archive_project D:/proje_2016_haktan.xpr.zip -temp_dir D:/ -force -include_config_settings
INFO: [Coretcl 2-137] starting archive...
INFO: [Coretcl 2-1499] Saving project copy to temporary location 'D:/' for archiving project
CRITICAL WARNING: [Project 1-19] Could not find the file 'D:/proje_2016/proje_2016.srcs/sources_1/bd/mblaze/ip/mblaze_mig_7series_0_0/board.prj'.
CRITICAL WARNING: [Project 1-19] Could not find the file 'D:/proje_2016/proje_2016.srcs/sources_1/bd/mblaze/ip/mblaze_mig_7series_1_0/board.prj'.
Scanning sources...
Finished scanning sources
INFO: [IP_Flow 19-234] Refreshing IP repositories
INFO: [IP_Flow 19-1704] No user IP repositories specified
INFO: [IP_Flow 19-2313] Loaded Vivado IP repository 'D:/Vivado/2016.1/data/ip'.
INFO: [Coretcl 2-1211] Creating project copy for archival...
INFO: [Coretcl 2-1213] Including run results for 'synth_1'
INFO: [Coretcl 2-1213] Including run results for 'impl_1'
INFO: [Coretcl 2-1212] Importing remotely added design sources and verilog include files (if any)...
INFO: [filemgmt 20-334] All file(s) are already imported in fileset: 'constrs_1'
INFO: [filemgmt 20-348] Importing the appropriate files for fileset: 'constrs_1'
INFO: [filemgmt 20-334] All file(s) are already imported in fileset: 'sources_1'
INFO: [filemgmt 20-348] Importing the appropriate files for fileset: 'sources_1'
